[0.531s] Invoking command in '/home/anthonykpinson/robot_ws/build/line_follower': PYTHONPATH=/home/anthonykpinson/robot_ws/build/line_follower/prefix_override:/usr/lib/python3/dist-packages/colcon_core/task/python/colcon_distutils_commands:/home/anthonykpinson/robot_ws/install/line_follower/lib/python3.8/site-packages:${PYTHONPATH} /usr/bin/python3 -W ignore:setup.py install is deprecated setup.py develop --editable --build-directory /home/anthonykpinson/robot_ws/build/line_follower/build --no-deps symlink_data --force
[0.616s] /home/anthonykpinson/.local/lib/python3.8/site-packages/setuptools/dist.py:788: UserWarning: Usage of dash-separated 'script-dir' will not be supported in future versions. Please use the underscore name 'script_dir' instead
[0.616s]   warnings.warn(
[0.747s] running develop
[0.785s] /home/anthonykpinson/.local/lib/python3.8/site-packages/setuptools/command/easy_install.py:144: EasyInstallDeprecationWarning: easy_install command is deprecated. Use build and pip and other standards-based tools.
[0.785s]   warnings.warn(
[0.927s] running egg_info
[0.937s] writing line_follower.egg-info/PKG-INFO
[0.937s] writing dependency_links to line_follower.egg-info/dependency_links.txt
[0.937s] writing entry points to line_follower.egg-info/entry_points.txt
[0.937s] writing requirements to line_follower.egg-info/requires.txt
[0.937s] writing top-level names to line_follower.egg-info/top_level.txt
[0.957s] reading manifest file 'line_follower.egg-info/SOURCES.txt'
[0.957s] writing manifest file 'line_follower.egg-info/SOURCES.txt'
[0.995s] running build_ext
[0.995s] Creating /home/anthonykpinson/robot_ws/install/line_follower/lib/python3.8/site-packages/line-follower.egg-link (link to .)
[0.995s] Installing line_follower script to /home/anthonykpinson/robot_ws/install/line_follower/lib/line_follower
[0.995s] 
[0.995s] Installed /home/anthonykpinson/robot_ws/build/line_follower
[0.995s] running symlink_data
[0.996s] symbolically linking /home/anthonykpinson/robot_ws/build/line_follower/resource/line_follower -> /home/anthonykpinson/robot_ws/install/line_follower/share/ament_index/resource_index/packages
[0.996s] symbolically linking /home/anthonykpinson/robot_ws/build/line_follower/package.xml -> /home/anthonykpinson/robot_ws/install/line_follower/share/line_follower
[1.014s] Invoked command in '/home/anthonykpinson/robot_ws/build/line_follower' returned '0': PYTHONPATH=/home/anthonykpinson/robot_ws/build/line_follower/prefix_override:/usr/lib/python3/dist-packages/colcon_core/task/python/colcon_distutils_commands:/home/anthonykpinson/robot_ws/install/line_follower/lib/python3.8/site-packages:${PYTHONPATH} /usr/bin/python3 -W ignore:setup.py install is deprecated setup.py develop --editable --build-directory /home/anthonykpinson/robot_ws/build/line_follower/build --no-deps symlink_data --force
