[0.564s] Invoking command in '/home/anthonykpinson/robot_ws/src/line_follower': PYTHONPATH=/home/anthonykpinson/robot_ws/build/line_follower/prefix_override:/usr/lib/python3/dist-packages/colcon_core/task/python/colcon_distutils_commands:/home/anthonykpinson/robot_ws/install/line_follower/lib/python3.8/site-packages:${PYTHONPATH} /usr/bin/python3 -W ignore:setup.py install is deprecated setup.py egg_info --egg-base ../../build/line_follower build --build-base /home/anthonykpinson/robot_ws/build/line_follower/build install --record /home/anthonykpinson/robot_ws/build/line_follower/install.log --install-scripts $base/lib/line_follower --single-version-externally-managed install_data
[0.645s] /home/anthonykpinson/.local/lib/python3.8/site-packages/setuptools/dist.py:788: UserWarning: Usage of dash-separated 'script-dir' will not be supported in future versions. Please use the underscore name 'script_dir' instead
[0.645s]   warnings.warn(
[0.713s] running egg_info
[0.723s] writing ../../build/line_follower/line_follower.egg-info/PKG-INFO
[0.723s] writing dependency_links to ../../build/line_follower/line_follower.egg-info/dependency_links.txt
[0.723s] writing entry points to ../../build/line_follower/line_follower.egg-info/entry_points.txt
[0.723s] writing requirements to ../../build/line_follower/line_follower.egg-info/requires.txt
[0.723s] writing top-level names to ../../build/line_follower/line_follower.egg-info/top_level.txt
[0.857s] reading manifest file '../../build/line_follower/line_follower.egg-info/SOURCES.txt'
[0.858s] writing manifest file '../../build/line_follower/line_follower.egg-info/SOURCES.txt'
[0.858s] running build
[0.858s] running build_py
[0.858s] running install
[0.862s] running install_lib
[0.872s] running install_data
[0.872s] running install_egg_info
[0.882s] removing '/home/anthonykpinson/robot_ws/install/line_follower/lib/python3.8/site-packages/line_follower-0.0.0-py3.8.egg-info' (and everything under it)
[0.882s] Copying ../../build/line_follower/line_follower.egg-info to /home/anthonykpinson/robot_ws/install/line_follower/lib/python3.8/site-packages/line_follower-0.0.0-py3.8.egg-info
[0.882s] running install_scripts
[0.921s] Installing line_follower script to /home/anthonykpinson/robot_ws/install/line_follower/lib/line_follower
[0.921s] writing list of installed files to '/home/anthonykpinson/robot_ws/build/line_follower/install.log'
[0.937s] Invoked command in '/home/anthonykpinson/robot_ws/src/line_follower' returned '0': PYTHONPATH=/home/anthonykpinson/robot_ws/build/line_follower/prefix_override:/usr/lib/python3/dist-packages/colcon_core/task/python/colcon_distutils_commands:/home/anthonykpinson/robot_ws/install/line_follower/lib/python3.8/site-packages:${PYTHONPATH} /usr/bin/python3 -W ignore:setup.py install is deprecated setup.py egg_info --egg-base ../../build/line_follower build --build-base /home/anthonykpinson/robot_ws/build/line_follower/build install --record /home/anthonykpinson/robot_ws/build/line_follower/install.log --install-scripts $base/lib/line_follower --single-version-externally-managed install_data
